<?xml version="1.0" encoding="UTF-8"?>
<!-- Generated by org.testng.reporters.JUnitReportReporter -->
<testsuite hostname="raj-tmp7585" failures="0" tests="1" name="orchestly_test.test_work" time="6.879" errors="0" timestamp="2021-08-07T18:09:39 IST" skipped="0">
  <testcase classname="orchestly_test.test_work" name="open_browser" time="6.879"/>
  <system-out/>
</testsuite> <!-- orchestly_test.test_work -->
