<?xml version="1.0" encoding="UTF-8"?>
<!-- Generated by org.testng.reporters.JUnitReportReporter -->
<testsuite hostname="raj-tmp7585" failures="0" tests="1" name="orchestly_test.select" time="0.795" errors="0" timestamp="2021-08-07T20:06:16 IST" skipped="0">
  <testcase classname="orchestly_test.select" name="sel" time="0.795"/>
  <system-out/>
</testsuite> <!-- orchestly_test.select -->
