<?xml version="1.0" encoding="UTF-8"?>
<!-- Generated by org.testng.reporters.JUnitReportReporter -->
<testsuite hostname="raj-tmp7585" failures="0" tests="1" name="orchestly_test.dynamic_drop" time="2.395" errors="0" timestamp="2021-07-30T08:17:14 IST" skipped="0">
  <testcase classname="orchestly_test.dynamic_drop" name="drop" time="2.395"/>
  <system-out/>
</testsuite> <!-- orchestly_test.dynamic_drop -->
