<?xml version="1.0" encoding="UTF-8"?>
<!-- Generated by org.testng.reporters.JUnitReportReporter -->
<testsuite hostname="raj-tmp7585" failures="0" tests="1" name="orchestly_test.screenshot" time="17.054" errors="0" timestamp="2021-08-03T07:59:39 IST" skipped="0">
  <testcase classname="orchestly_test.screenshot" name="take_sc" time="17.054"/>
  <system-out/>
</testsuite> <!-- orchestly_test.screenshot -->
