<?xml version="1.0" encoding="UTF-8"?>
<!-- Generated by org.testng.reporters.JUnitReportReporter -->
<testsuite hostname="raj-tmp7585" failures="0" tests="4" name="orchestly_test.access_orchy" time="2.003" errors="0" timestamp="2021-07-14T08:58:58 IST" skipped="0">
  <testcase classname="orchestly_test.access_orchy" name="create_job" time="1.458"/>
  <system-out/>
  <testcase classname="orchestly_test.access_orchy" name="navigateTo_Brule" time="0.179"/>
  <system-out/>
  <testcase classname="orchestly_test.access_orchy" name="navigateTo_layout" time="0.231"/>
  <system-out/>
  <testcase classname="orchestly_test.access_orchy" name="navigateTo_users" time="0.135"/>
  <system-out/>
</testsuite> <!-- orchestly_test.access_orchy -->
