<?xml version="1.0" encoding="UTF-8"?>
<!-- Generated by org.testng.reporters.JUnitReportReporter -->
<testsuite hostname="raj-tmp7585" failures="0" tests="1" name="orchestly_test.form_fill" time="0.386" errors="0" timestamp="2021-08-03T11:25:12 IST" skipped="0">
  <testcase classname="orchestly_test.form_fill" name="fill_form" time="0.386"/>
  <system-out/>
</testsuite> <!-- orchestly_test.form_fill -->
