<?xml version="1.0" encoding="UTF-8"?>
<!-- Generated by org.testng.reporters.JUnitReportReporter -->
<testsuite hostname="raj-tmp7585" failures="0" tests="5" name="orchestly_test.excel_reader" time="5.398" errors="0" timestamp="2021-07-21T10:38:07 IST" skipped="0">
  <testcase classname="orchestly_test.excel_reader" name="test" time="1.068"/>
  <system-out/>
  <testcase classname="orchestly_test.excel_reader" name="test" time="1.132"/>
  <system-out/>
  <testcase classname="orchestly_test.excel_reader" name="test" time="1.070"/>
  <system-out/>
  <testcase classname="orchestly_test.excel_reader" name="test" time="1.064"/>
  <system-out/>
  <testcase classname="orchestly_test.excel_reader" name="test" time="1.064"/>
  <system-out/>
</testsuite> <!-- orchestly_test.excel_reader -->
