<?xml version="1.0" encoding="UTF-8"?>
<!-- Generated by org.testng.reporters.JUnitReportReporter -->
<testsuite hostname="raj-tmp7585" failures="0" tests="3" name="orchestly_test.mul_browser_test" time="43.095" errors="0" timestamp="2021-07-21T06:46:30 IST" skipped="0">
  <testcase classname="orchestly_test.mul_browser_test" name="test2" time="16.723"/>
  <system-out/>
  <testcase classname="orchestly_test.mul_browser_test" name="test3" time="13.293"/>
  <system-out/>
  <testcase classname="orchestly_test.mul_browser_test" name="test1" time="13.079"/>
  <system-out/>
</testsuite> <!-- orchestly_test.mul_browser_test -->
