<?xml version="1.0" encoding="UTF-8"?>
<!-- Generated by org.testng.reporters.JUnitReportReporter -->
<testsuite hostname="raj-tmp7585" failures="0" tests="5" name="orchestly_test.test_login" time="5.403" errors="0" timestamp="2021-08-07T17:41:15 IST" skipped="0">
  <testcase classname="orchestly_test.test_login" name="test" time="1.060"/>
  <system-out/>
  <testcase classname="orchestly_test.test_login" name="test" time="1.072"/>
  <system-out/>
  <testcase classname="orchestly_test.test_login" name="test" time="1.103"/>
  <system-out/>
  <testcase classname="orchestly_test.test_login" name="test" time="1.078"/>
  <system-out/>
  <testcase classname="orchestly_test.test_login" name="test" time="1.090"/>
  <system-out/>
</testsuite> <!-- orchestly_test.test_login -->
