<?xml version="1.0" encoding="UTF-8"?>
<!-- Generated by org.testng.reporters.JUnitReportReporter -->
<testsuite hostname="raj-tmp7585" failures="0" tests="1" name="orchestly_test.sample_test" time="0.005" errors="0" timestamp="2021-08-07T17:40:48 IST" skipped="0">
  <testcase classname="orchestly_test.sample_test" name="print" time="0.005"/>
  <system-out/>
</testsuite> <!-- orchestly_test.sample_test -->
