<?xml version="1.0" encoding="UTF-8"?>
<!-- Generated by org.testng.reporters.JUnitReportReporter -->
<testsuite hostname="raj-tmp7585" failures="0" tests="1" name="orchestly_test.test" time="4.885" errors="0" timestamp="13 Jul 2021 04:06:36 GMT" skipped="0">
  <testcase classname="orchestly_test.test" name="open" time="4.885"/>
</testsuite> <!-- orchestly_test.test -->
