<?xml version="1.0" encoding="UTF-8"?>
<!-- Generated by org.testng.reporters.JUnitReportReporter -->
<testsuite hostname="raj-tmp7585" failures="0" tests="1" name="testcases.test_login" time="0.006" errors="0" timestamp="2021-07-27T20:39:52 IST" skipped="0">
  <testcase classname="testcases.test_login" name="test" time="0.006"/>
  <system-out/>
</testsuite> <!-- testcases.test_login -->
