<?xml version="1.0" encoding="UTF-8"?>
<!-- Generated by org.testng.reporters.JUnitReportReporter -->
<testsuite hostname="raj-tmp7585" failures="0" tests="1" name="orchestly_test.frames" time="0.130" errors="0" timestamp="2021-07-30T09:34:19 IST" skipped="0">
  <testcase classname="orchestly_test.frames" name="mul_frames" time="0.130"/>
  <system-out/>
</testsuite> <!-- orchestly_test.frames -->
