<?xml version="1.0" encoding="UTF-8"?>
<!-- Generated by org.testng.reporters.JUnitReportReporter -->
<testsuite hostname="raj-tmp7585" failures="0" tests="6" name="orchestly_test.testng_execution" time="0.008" errors="0" timestamp="13 Jul 2021 03:36:33 GMT" skipped="2">
  <testcase classname="orchestly_test.testng_execution" name="first_gear" time="0.006"/>
  <testcase classname="orchestly_test.testng_execution" name="second_gear" time="0.001"/>
  <testcase classname="orchestly_test.testng_execution" name="third_gear" time="0.000"/>
  <testcase classname="orchestly_test.testng_execution" name="fourth_gear" time="0.001"/>
  <testcase classname="orchestly_test.testng_execution" name="start_car">
    <skipped/>
  </testcase> <!-- start_car -->
  <testcase classname="orchestly_test.testng_execution" name="stop_car">
    <skipped/>
  </testcase> <!-- stop_car -->
</testsuite> <!-- orchestly_test.testng_execution -->
