<?xml version="1.0" encoding="UTF-8"?>
<!-- Generated by org.testng.reporters.JUnitReportReporter -->
<testsuite hostname="raj-tmp7585" failures="0" tests="1" name="orchestly_test.frame" time="3.530" errors="0" timestamp="2021-08-07T20:05:32 IST" skipped="0">
  <testcase classname="orchestly_test.frame" name="frame1" time="3.530"/>
  <system-out/>
</testsuite> <!-- orchestly_test.frame -->
