<?xml version="1.0" encoding="UTF-8"?>
<!-- Generated by org.testng.reporters.JUnitReportReporter -->
<testsuite hostname="raj-tmp7585" failures="0" tests="1" name="orchestly_test.rajesh" time="0.009" errors="0" timestamp="13 Jul 2021 03:36:12 GMT" skipped="0">
  <testcase classname="orchestly_test.rajesh" name="print" time="0.009"/>
</testsuite> <!-- orchestly_test.rajesh -->
