<?xml version="1.0" encoding="UTF-8"?>
<!-- Generated by org.testng.reporters.JUnitReportReporter -->
<testsuite hostname="raj-tmp7585" failures="0" tests="2" name="testcases.test_users" time="0.000" errors="0" timestamp="2021-07-28T07:14:10 IST" skipped="2">
  <testcase classname="testcases.test_users" name="create_user" time="0.000">
    <skipped/>
  </testcase> <!-- create_user -->
  <system-out/>
  <testcase classname="testcases.test_users" name="delete_user" time="0.000">
    <skipped/>
  </testcase> <!-- delete_user -->
  <system-out/>
</testsuite> <!-- testcases.test_users -->
